<?xml version="1.0" encoding="UTF-8"?>
<!-- Generated by org.testng.reporters.JUnitXMLReporter -->
<testsuite hostname="LAPTOP-0H005IDA" name="HAP Home Page Test" tests="4" failures="0" timestamp="4 Jul 2022 03:15:02 GMT" time="33.808" errors="0">
  <testcase name="HomepageHeaderTest" time="5.5" classname="com.qa.hap.tests.HomePageTest"/>
  <testcase name="homepageHeadersHapVideosTest" time="7.112" classname="com.qa.hap.tests.HomePageTest"/>
  <testcase name="homepageHeadersTest" time="5.163" classname="com.qa.hap.tests.HomePageTest"/>
  <testcase name="validateLogoutLink" time="5.018" classname="com.qa.hap.tests.HomePageTest"/>
</testsuite> <!-- HAP Home Page Test -->
