<?xml version="1.0" encoding="UTF-8"?>
<testng-results skipped="0" failed="2" total="2" passed="0">
  <reporter-output>
  </reporter-output>
  <suite name="Default suite" duration-ms="152788" started-at="2022-07-06T13:55:08Z" finished-at="2022-07-06T13:57:41Z">
    <groups>
    </groups>
    <test name="Default test" duration-ms="152788" started-at="2022-07-06T13:55:08Z" finished-at="2022-07-06T13:57:41Z">
      <class name="com.qa.hap.tests.CreateOfferTest">
        <test-method status="PASS" signature="setup()[pri:0, instance:com.qa.hap.tests.CreateOfferTest@65d6b83b]" name="setup" is-config="true" duration-ms="13886" started-at="2022-07-06T19:25:08Z" finished-at="2022-07-06T19:25:22Z">
          <reporter-output>
          </reporter-output>
        </test-method> <!-- setup -->
        <test-method status="PASS" signature="Createoffersetup()[pri:0, instance:com.qa.hap.tests.CreateOfferTest@65d6b83b]" name="Createoffersetup" is-config="true" duration-ms="14802" started-at="2022-07-06T19:25:22Z" finished-at="2022-07-06T19:25:37Z">
          <reporter-output>
          </reporter-output>
        </test-method> <!-- Createoffersetup -->
        <test-method status="FAIL" signature="CreteOfferPageSuccessfully(java.lang.String, java.lang.String, java.lang.String, java.lang.String, java.lang.String, java.lang.String, java.lang.String, java.lang.String, java.lang.String, java.lang.String, java.lang.String, java.lang.String, java.lang.String, java.lang.String, java.lang.String, java.lang.String, java.lang.String)[pri:3, instance:com.qa.hap.tests.CreateOfferTest@65d6b83b]" name="CreteOfferPageSuccessfully" duration-ms="103984" started-at="2022-07-06T19:25:39Z" data-provider="getCreateOfferTestData" finished-at="2022-07-06T19:27:23Z">
          <params>
            <param index="0">
              <value>
                <![CDATA[testingx]]>
              </value>
            </param>
            <param index="1">
              <value>
                <![CDATA[Female]]>
              </value>
            </param>
            <param index="2">
              <value>
                <![CDATA[Chavika]]>
              </value>
            </param>
            <param index="3">
              <value>
                <![CDATA[Pragathi]]>
              </value>
            </param>
            <param index="4">
              <value>
                <![CDATA[India]]>
              </value>
            </param>
            <param index="5">
              <value>
                <![CDATA[India]]>
              </value>
            </param>
            <param index="6">
              <value>
                <![CDATA[Helius]]>
              </value>
            </param>
            <param index="7">
              <value>
                <![CDATA[9.032411221E9]]>
              </value>
            </param>
            <param index="8">
              <value>
                <![CDATA[bpragathi24@gmail.com]]>
              </value>
            </param>
            <param index="9">
              <value>
                <![CDATA[8 Years]]>
              </value>
            </param>
            <param index="10">
              <value>
                <![CDATA[3 Months]]>
              </value>
            </param>
            <param index="11">
              <value>
                <![CDATA[10 Years]]>
              </value>
            </param>
            <param index="12">
              <value>
                <![CDATA[3 Months]]>
              </value>
            </param>
            <param index="13">
              <value>
                <![CDATA[selenium expert]]>
              </value>
            </param>
            <param index="14">
              <value>
                <![CDATA[java]]>
              </value>
            </param>
            <param index="15">
              <value>
                <![CDATA[DAH2]]>
              </value>
            </param>
            <param index="16">
              <value>
                <![CDATA[Hyderabad]]>
              </value>
            </param>
          </params>
          <exception class="org.openqa.selenium.WebDriverException">
            <message>
              <![CDATA[chrome not reachable
  (Session info: chrome=103.0.5060.114)
Build info: version: '4.1.3', revision: '7b1ebf28ef'
System info: host: 'LAPTOP-0H005IDA', ip: '192.168.43.204', os.name: 'Windows 10', os.arch: 'amd64', os.version: '10.0', java.version: '1.8.0_202'
Driver info: org.openqa.selenium.chrome.ChromeDriver
Command: [5299839b9bf48a8b5218bd0dde892eaa, findElement {using=id, value=query}]
Capabilities {acceptInsecureCerts: false, browserName: chrome, browserVersion: 103.0.5060.114, chrome: {chromedriverVersion: 103.0.5060.53 (a1711811edd7..., userDataDir: C:\Users\Helius\AppData\Loc...}, goog:chromeOptions: {debuggerAddress: localhost:50535}, javascriptEnabled: true, networkConnectionEnabled: false, pageLoadStrategy: normal, platform: WINDOWS, platformName: WINDOWS, proxy: Proxy(), se:cdp: ws://localhost:50535/devtoo..., se:cdpVersion: 103.0.5060.114, setWindowRect: true, strictFileInteractability: false, timeouts: {implicit: 0, pageLoad: 300000, script: 30000}, unhandledPromptBehavior: dismiss and notify, webauthn:extension:credBlob: true, webauthn:extension:largeBlob: true, webauthn:virtualAuthenticators: true}
Session ID: 5299839b9bf48a8b5218bd0dde892eaa]]>
            </message>
            <full-stacktrace>
              <![CDATA[org.openqa.selenium.WebDriverException: chrome not reachable
  (Session info: chrome=103.0.5060.114)
Build info: version: '4.1.3', revision: '7b1ebf28ef'
System info: host: 'LAPTOP-0H005IDA', ip: '192.168.43.204', os.name: 'Windows 10', os.arch: 'amd64', os.version: '10.0', java.version: '1.8.0_202'
Driver info: org.openqa.selenium.chrome.ChromeDriver
Command: [5299839b9bf48a8b5218bd0dde892eaa, findElement {using=id, value=query}]
Capabilities {acceptInsecureCerts: false, browserName: chrome, browserVersion: 103.0.5060.114, chrome: {chromedriverVersion: 103.0.5060.53 (a1711811edd7..., userDataDir: C:\Users\Helius\AppData\Loc...}, goog:chromeOptions: {debuggerAddress: localhost:50535}, javascriptEnabled: true, networkConnectionEnabled: false, pageLoadStrategy: normal, platform: WINDOWS, platformName: WINDOWS, proxy: Proxy(), se:cdp: ws://localhost:50535/devtoo..., se:cdpVersion: 103.0.5060.114, setWindowRect: true, strictFileInteractability: false, timeouts: {implicit: 0, pageLoad: 300000, script: 30000}, unhandledPromptBehavior: dismiss and notify, webauthn:extension:credBlob: true, webauthn:extension:largeBlob: true, webauthn:virtualAuthenticators: true}
Session ID: 5299839b9bf48a8b5218bd0dde892eaa
	at sun.reflect.NativeConstructorAccessorImpl.newInstance0(Native Method)
	at sun.reflect.NativeConstructorAccessorImpl.newInstance(Unknown Source)
	at sun.reflect.DelegatingConstructorAccessorImpl.newInstance(Unknown Source)
	at java.lang.reflect.Constructor.newInstance(Unknown Source)
	at org.openqa.selenium.remote.codec.w3c.W3CHttpResponseCodec.createException(W3CHttpResponseCodec.java:200)
	at org.openqa.selenium.remote.codec.w3c.W3CHttpResponseCodec.decode(W3CHttpResponseCodec.java:133)
	at org.openqa.selenium.remote.codec.w3c.W3CHttpResponseCodec.decode(W3CHttpResponseCodec.java:53)
	at org.openqa.selenium.remote.HttpCommandExecutor.execute(HttpCommandExecutor.java:184)
	at org.openqa.selenium.remote.service.DriverCommandExecutor.invokeExecute(DriverCommandExecutor.java:167)
	at org.openqa.selenium.remote.service.DriverCommandExecutor.execute(DriverCommandExecutor.java:142)
	at org.openqa.selenium.remote.RemoteWebDriver.execute(RemoteWebDriver.java:567)
	at org.openqa.selenium.remote.ElementLocation$ElementFinder$2.findElement(ElementLocation.java:162)
	at org.openqa.selenium.remote.ElementLocation.findElement(ElementLocation.java:60)
	at org.openqa.selenium.remote.RemoteWebDriver.findElement(RemoteWebDriver.java:385)
	at org.openqa.selenium.remote.RemoteWebDriver.findElement(RemoteWebDriver.java:377)
	at com.qa.hap.utils.ElementUtil.getElement(ElementUtil.java:100)
	at com.qa.hap.utils.ElementUtil.doSendKeys(ElementUtil.java:108)
	at com.qa.hap.pages.CreateOffer.createOfferpage(CreateOffer.java:104)
	at com.qa.hap.tests.CreateOfferTest.CreteOfferPageSuccessfully(CreateOfferTest.java:51)
	at sun.reflect.NativeMethodAccessorImpl.invoke0(Native Method)
	at sun.reflect.NativeMethodAccessorImpl.invoke(Unknown Source)
	at sun.reflect.DelegatingMethodAccessorImpl.invoke(Unknown Source)
	at java.lang.reflect.Method.invoke(Unknown Source)
	at org.testng.internal.MethodInvocationHelper.invokeMethod(MethodInvocationHelper.java:86)
	at org.testng.internal.Invoker.invokeMethod(Invoker.java:643)
	at org.testng.internal.Invoker.invokeTestMethod(Invoker.java:820)
	at org.testng.internal.Invoker.invokeTestMethods(Invoker.java:1128)
	at org.testng.internal.TestMethodWorker.invokeTestMethods(TestMethodWorker.java:129)
	at org.testng.internal.TestMethodWorker.run(TestMethodWorker.java:112)
	at org.testng.TestRunner.privateRun(TestRunner.java:782)
	at org.testng.TestRunner.run(TestRunner.java:632)
	at org.testng.SuiteRunner.runTest(SuiteRunner.java:366)
	at org.testng.SuiteRunner.runSequentially(SuiteRunner.java:361)
	at org.testng.SuiteRunner.privateRun(SuiteRunner.java:319)
	at org.testng.SuiteRunner.run(SuiteRunner.java:268)
	at org.testng.SuiteRunnerWorker.runSuite(SuiteRunnerWorker.java:52)
	at org.testng.SuiteRunnerWorker.run(SuiteRunnerWorker.java:86)
	at org.testng.TestNG.runSuitesSequentially(TestNG.java:1244)
	at org.testng.TestNG.runSuitesLocally(TestNG.java:1169)
	at org.testng.TestNG.run(TestNG.java:1064)
	at org.testng.remote.AbstractRemoteTestNG.run(AbstractRemoteTestNG.java:132)
	at org.testng.remote.RemoteTestNG.initAndRun(RemoteTestNG.java:236)
	at org.testng.remote.RemoteTestNG.main(RemoteTestNG.java:81)
]]>
            </full-stacktrace>
          </exception> <!-- org.openqa.selenium.WebDriverException -->
          <reporter-output>
          </reporter-output>
        </test-method> <!-- CreteOfferPageSuccessfully -->
        <test-method status="FAIL" signature="CreteOfferPageSuccessfully(java.lang.String, java.lang.String, java.lang.String, java.lang.String, java.lang.String, java.lang.String, java.lang.String, java.lang.String, java.lang.String, java.lang.String, java.lang.String, java.lang.String, java.lang.String, java.lang.String, java.lang.String, java.lang.String, java.lang.String)[pri:3, instance:com.qa.hap.tests.CreateOfferTest@65d6b83b]" name="CreteOfferPageSuccessfully" duration-ms="17204" started-at="2022-07-06T19:27:23Z" data-provider="getCreateOfferTestData" finished-at="2022-07-06T19:27:40Z">
          <params>
            <param index="0">
              <value>
                <![CDATA[testingy]]>
              </value>
            </param>
            <param index="1">
              <value>
                <![CDATA[Male]]>
              </value>
            </param>
            <param index="2">
              <value>
                <![CDATA[Chavika]]>
              </value>
            </param>
            <param index="3">
              <value>
                <![CDATA[Pragathi]]>
              </value>
            </param>
            <param index="4">
              <value>
                <![CDATA[India]]>
              </value>
            </param>
            <param index="5">
              <value>
                <![CDATA[India]]>
              </value>
            </param>
            <param index="6">
              <value>
                <![CDATA[Helius]]>
              </value>
            </param>
            <param index="7">
              <value>
                <![CDATA[8.341112333E9]]>
              </value>
            </param>
            <param index="8">
              <value>
                <![CDATA[bpragathi24@gmail.com]]>
              </value>
            </param>
            <param index="9">
              <value>
                <![CDATA[8 Years]]>
              </value>
            </param>
            <param index="10">
              <value>
                <![CDATA[3 Months]]>
              </value>
            </param>
            <param index="11">
              <value>
                <![CDATA[10 Years]]>
              </value>
            </param>
            <param index="12">
              <value>
                <![CDATA[3 Months]]>
              </value>
            </param>
            <param index="13">
              <value>
                <![CDATA[selenium expert]]>
              </value>
            </param>
            <param index="14">
              <value>
                <![CDATA[java]]>
              </value>
            </param>
            <param index="15">
              <value>
                <![CDATA[DAH2]]>
              </value>
            </param>
            <param index="16">
              <value>
                <![CDATA[Hyderabad]]>
              </value>
            </param>
          </params>
          <exception class="org.openqa.selenium.WebDriverException">
            <message>
              <![CDATA[chrome not reachable
  (Session info: chrome=103.0.5060.114)
Build info: version: '4.1.3', revision: '7b1ebf28ef'
System info: host: 'LAPTOP-0H005IDA', ip: '192.168.43.204', os.name: 'Windows 10', os.arch: 'amd64', os.version: '10.0', java.version: '1.8.0_202'
Driver info: org.openqa.selenium.chrome.ChromeDriver
Command: [5299839b9bf48a8b5218bd0dde892eaa, findElement {using=xpath, value=//button[@ng-click='isDatepickerOpen = !isDatepickerOpen']}]
Capabilities {acceptInsecureCerts: false, browserName: chrome, browserVersion: 103.0.5060.114, chrome: {chromedriverVersion: 103.0.5060.53 (a1711811edd7..., userDataDir: C:\Users\Helius\AppData\Loc...}, goog:chromeOptions: {debuggerAddress: localhost:50535}, javascriptEnabled: true, networkConnectionEnabled: false, pageLoadStrategy: normal, platform: WINDOWS, platformName: WINDOWS, proxy: Proxy(), se:cdp: ws://localhost:50535/devtoo..., se:cdpVersion: 103.0.5060.114, setWindowRect: true, strictFileInteractability: false, timeouts: {implicit: 0, pageLoad: 300000, script: 30000}, unhandledPromptBehavior: dismiss and notify, webauthn:extension:credBlob: true, webauthn:extension:largeBlob: true, webauthn:virtualAuthenticators: true}
Session ID: 5299839b9bf48a8b5218bd0dde892eaa]]>
            </message>
            <full-stacktrace>
              <![CDATA[org.openqa.selenium.WebDriverException: chrome not reachable
  (Session info: chrome=103.0.5060.114)
Build info: version: '4.1.3', revision: '7b1ebf28ef'
System info: host: 'LAPTOP-0H005IDA', ip: '192.168.43.204', os.name: 'Windows 10', os.arch: 'amd64', os.version: '10.0', java.version: '1.8.0_202'
Driver info: org.openqa.selenium.chrome.ChromeDriver
Command: [5299839b9bf48a8b5218bd0dde892eaa, findElement {using=xpath, value=//button[@ng-click='isDatepickerOpen = !isDatepickerOpen']}]
Capabilities {acceptInsecureCerts: false, browserName: chrome, browserVersion: 103.0.5060.114, chrome: {chromedriverVersion: 103.0.5060.53 (a1711811edd7..., userDataDir: C:\Users\Helius\AppData\Loc...}, goog:chromeOptions: {debuggerAddress: localhost:50535}, javascriptEnabled: true, networkConnectionEnabled: false, pageLoadStrategy: normal, platform: WINDOWS, platformName: WINDOWS, proxy: Proxy(), se:cdp: ws://localhost:50535/devtoo..., se:cdpVersion: 103.0.5060.114, setWindowRect: true, strictFileInteractability: false, timeouts: {implicit: 0, pageLoad: 300000, script: 30000}, unhandledPromptBehavior: dismiss and notify, webauthn:extension:credBlob: true, webauthn:extension:largeBlob: true, webauthn:virtualAuthenticators: true}
Session ID: 5299839b9bf48a8b5218bd0dde892eaa
	at sun.reflect.NativeConstructorAccessorImpl.newInstance0(Native Method)
	at sun.reflect.NativeConstructorAccessorImpl.newInstance(Unknown Source)
	at sun.reflect.DelegatingConstructorAccessorImpl.newInstance(Unknown Source)
	at java.lang.reflect.Constructor.newInstance(Unknown Source)
	at org.openqa.selenium.remote.codec.w3c.W3CHttpResponseCodec.createException(W3CHttpResponseCodec.java:200)
	at org.openqa.selenium.remote.codec.w3c.W3CHttpResponseCodec.decode(W3CHttpResponseCodec.java:133)
	at org.openqa.selenium.remote.codec.w3c.W3CHttpResponseCodec.decode(W3CHttpResponseCodec.java:53)
	at org.openqa.selenium.remote.HttpCommandExecutor.execute(HttpCommandExecutor.java:184)
	at org.openqa.selenium.remote.service.DriverCommandExecutor.invokeExecute(DriverCommandExecutor.java:167)
	at org.openqa.selenium.remote.service.DriverCommandExecutor.execute(DriverCommandExecutor.java:142)
	at org.openqa.selenium.remote.RemoteWebDriver.execute(RemoteWebDriver.java:567)
	at org.openqa.selenium.remote.ElementLocation$ElementFinder$2.findElement(ElementLocation.java:162)
	at org.openqa.selenium.remote.ElementLocation.findElement(ElementLocation.java:60)
	at org.openqa.selenium.remote.RemoteWebDriver.findElement(RemoteWebDriver.java:385)
	at org.openqa.selenium.remote.RemoteWebDriver.findElement(RemoteWebDriver.java:377)
	at com.qa.hap.utils.ElementUtil.getElement(ElementUtil.java:100)
	at com.qa.hap.utils.ElementUtil.doClick(ElementUtil.java:60)
	at com.qa.hap.pages.CreateOffer.createOfferpage(CreateOffer.java:67)
	at com.qa.hap.tests.CreateOfferTest.CreteOfferPageSuccessfully(CreateOfferTest.java:51)
	at sun.reflect.NativeMethodAccessorImpl.invoke0(Native Method)
	at sun.reflect.NativeMethodAccessorImpl.invoke(Unknown Source)
	at sun.reflect.DelegatingMethodAccessorImpl.invoke(Unknown Source)
	at java.lang.reflect.Method.invoke(Unknown Source)
	at org.testng.internal.MethodInvocationHelper.invokeMethod(MethodInvocationHelper.java:86)
	at org.testng.internal.Invoker.invokeMethod(Invoker.java:643)
	at org.testng.internal.Invoker.invokeTestMethod(Invoker.java:820)
	at org.testng.internal.Invoker.invokeTestMethods(Invoker.java:1128)
	at org.testng.internal.TestMethodWorker.invokeTestMethods(TestMethodWorker.java:129)
	at org.testng.internal.TestMethodWorker.run(TestMethodWorker.java:112)
	at org.testng.TestRunner.privateRun(TestRunner.java:782)
	at org.testng.TestRunner.run(TestRunner.java:632)
	at org.testng.SuiteRunner.runTest(SuiteRunner.java:366)
	at org.testng.SuiteRunner.runSequentially(SuiteRunner.java:361)
	at org.testng.SuiteRunner.privateRun(SuiteRunner.java:319)
	at org.testng.SuiteRunner.run(SuiteRunner.java:268)
	at org.testng.SuiteRunnerWorker.runSuite(SuiteRunnerWorker.java:52)
	at org.testng.SuiteRunnerWorker.run(SuiteRunnerWorker.java:86)
	at org.testng.TestNG.runSuitesSequentially(TestNG.java:1244)
	at org.testng.TestNG.runSuitesLocally(TestNG.java:1169)
	at org.testng.TestNG.run(TestNG.java:1064)
	at org.testng.remote.AbstractRemoteTestNG.run(AbstractRemoteTestNG.java:132)
	at org.testng.remote.RemoteTestNG.initAndRun(RemoteTestNG.java:236)
	at org.testng.remote.RemoteTestNG.main(RemoteTestNG.java:81)
]]>
            </full-stacktrace>
          </exception> <!-- org.openqa.selenium.WebDriverException -->
          <reporter-output>
          </reporter-output>
        </test-method> <!-- CreteOfferPageSuccessfully -->
        <test-method status="PASS" signature="tearDown()[pri:0, instance:com.qa.hap.tests.CreateOfferTest@65d6b83b]" name="tearDown" is-config="true" duration-ms="640" started-at="2022-07-06T19:27:40Z" finished-at="2022-07-06T19:27:41Z">
          <reporter-output>
          </reporter-output>
        </test-method> <!-- tearDown -->
      </class> <!-- com.qa.hap.tests.CreateOfferTest -->
    </test> <!-- Default test -->
  </suite> <!-- Default suite -->
</testng-results>
